# JRE version: Java(TM) SE Runtime Environment (12.0.2+10) (build 12.0.2+10)
# Java VM: Java HotSpot(TM) 64-Bit Server VM (12.0.2+10, mixed mode, sharing, tiered, compressed oops, g1 gc, windows-amd64)
Heap:
 garbage-first heap   total 15360K, used 3853K [0x0000000702600000, 0x0000000800000000)
  region size 1024K, 1 young (1024K), 1 survivors (1024K)
 Metaspace       used 7905K, capacity 11033K, committed 11264K, reserved 1058816K
  class space    used 941K, capacity 1280K, committed 1280K, reserved 1048576K
GC Heap History (10 events):
Event: 0.268 GC heap after
{Heap after GC invocations=4 (full 0):
 garbage-first heap   total 8192K, used 2323K [0x0000000702600000, 0x0000000800000000)
  region size 1024K, 1 young (1024K), 1 survivors (1024K)
 Metaspace       used 7282K, capacity 10704K, committed 11008K, reserved 1058816K
  class space    used 880K, capacity 1213K, committed 1280K, reserved 1048576K
}
Event: 0.286 GC heap before
{Heap before GC invocations=4 (full 0):
 garbage-first heap   total 8192K, used 3347K [0x0000000702600000, 0x0000000800000000)
  region size 1024K, 2 young (2048K), 1 survivors (1024K)
 Metaspace       used 7451K, capacity 10791K, committed 11008K, reserved 1058816K
  class space    used 896K, capacity 1221K, committed 1280K, reserved 1048576K
}
Event: 0.287 GC heap after
{Heap after GC invocations=5 (full 0):
 garbage-first heap   total 10240K, used 2657K [0x0000000702600000, 0x0000000800000000)
  region size 1024K, 1 young (1024K), 1 survivors (1024K)
 Metaspace       used 7451K, capacity 10791K, committed 11008K, reserved 1058816K
  class space    used 896K, capacity 1221K, committed 1280K, reserved 1048576K
}
Event: 0.314 GC heap before
{Heap before GC invocations=5 (full 0):
 garbage-first heap   total 10240K, used 4705K [0x0000000702600000, 0x0000000800000000)
  region size 1024K, 3 young (3072K), 1 survivors (1024K)
 Metaspace       used 7673K, capacity 11012K, committed 11264K, reserved 1058816K
  class space    used 924K, capacity 1274K, committed 1280K, reserved 1048576K
}
Event: 0.317 GC heap after
{Heap after GC invocations=6 (full 0):
 garbage-first heap   total 10240K, used 3355K [0x0000000702600000, 0x0000000800000000)
  region size 1024K, 1 young (1024K), 1 survivors (1024K)
 Metaspace       used 7673K, capacity 11012K, committed 11264K, reserved 1058816K
  class space    used 924K, capacity 1274K, committed 1280K, reserved 1048576K
}
Event: 0.336 GC heap before
{Heap before GC invocations=6 (full 0):
 garbage-first heap   total 10240K, used 5403K [0x0000000702600000, 0x0000000800000000)
  region size 1024K, 3 young (3072K), 1 survivors (1024K)
 Metaspace       used 7729K, capacity 11012K, committed 11264K, reserved 1058816K
  class space    used 924K, capacity 1274K, committed 1280K, reserved 1048576K
}
Event: 0.338 GC heap after
{Heap after GC invocations=7 (full 0):
 garbage-first heap   total 10240K, used 3651K [0x0000000702600000, 0x0000000800000000)
  region size 1024K, 1 young (1024K), 1 survivors (1024K)
 Metaspace       used 7729K, capacity 11012K, committed 11264K, reserved 1058816K
  class space    used 924K, capacity 1274K, committed 1280K, reserved 1048576K
}
Event: 0.354 GC heap before
{Heap before GC invocations=7 (full 0):
 garbage-first heap   total 10240K, used 4675K [0x0000000702600000, 0x0000000800000000)
  region size 1024K, 2 young (2048K), 1 survivors (1024K)
 Metaspace       used 7889K, capacity 11030K, committed 11264K, reserved 1058816K
  class space    used 941K, capacity 1280K, committed 1280K, reserved 1048576K
}
Event: 0.355 GC heap after
{Heap after GC invocations=8 (full 0):
 garbage-first heap   total 10240K, used 3707K [0x0000000702600000, 0x0000000800000000)
  region size 1024K, 1 young (1024K), 1 survivors (1024K)
 Metaspace       used 7889K, capacity 11030K, committed 11264K, reserved 1058816K
  class space    used 941K, capacity 1280K, committed 1280K, reserved 1048576K
}
Event: 0.357 GC heap before
{Heap before GC invocations=8 (full 0):
 garbage-first heap   total 10240K, used 4731K [0x0000000702600000, 0x0000000800000000)
  region size 1024K, 2 young (2048K), 1 survivors (1024K)
 Metaspace       used 7905K, capacity 11033K, committed 11264K, reserved 1058816K
  class space    used 941K, capacity 1280K, committed 1280K, reserved 1048576K
}

